<?xml version="1.0" encoding="UTF-8" ?>
<testsuites>
  <testsuite errors="0" failures="0" hostname="wt01349-250" id="0" name="UserControllerTest" package="ControllerTest" tests="3" time="5.0" timestamp="2016-12-30T06:48:21">
      <properties>
[...]
</properties>

      <testcase classname="ControllerTest.UserControllerTest" name="testLoginCheckServiceException" time="4.875" />

      <testcase classname="ControllerTest.UserControllerTest" name="testLoginCheckParameterException" time="0.0" />

      <testcase classname="ControllerTest.UserControllerTest" name="testLoginCheck" time="0.031" />

      <system-out><![CDATA[]]></system-out>

      <system-err><![CDATA[]]></system-err>

  </testsuite>
</testsuites>
